[INFO ] 2020-06-02 09:49:36.639 [restartedMain] WholesaleApplication - Starting WholesaleApplication on DESKTOP-DPU06UU with PID 9656 (D:\Wholesale\target\classes started by KRISHNAMURTHY in D:\Wholesale)
[DEBUG] 2020-06-02 09:49:36.870 [restartedMain] WholesaleApplication - Running with Spring Boot v2.2.7.RELEASE, Spring v5.2.6.RELEASE
[INFO ] 2020-06-02 09:49:36.872 [restartedMain] WholesaleApplication - No active profile set, falling back to default profiles: default
[INFO ] 2020-06-02 09:50:05.662 [restartedMain] WholesaleApplication - Started WholesaleApplication in 33.701 seconds (JVM running for 52.087)
[DEBUG] 2020-06-02 09:51:13.911 [http-nio-8080-exec-2] AccountController - Hello from Log4j 2 - userID : 56789
[INFO ] 2020-06-02 09:55:06.163 [restartedMain] WholesaleApplication - Starting WholesaleApplication on DESKTOP-DPU06UU with PID 9656 (D:\Wholesale\target\classes started by KRISHNAMURTHY in D:\Wholesale)
[DEBUG] 2020-06-02 09:55:06.166 [restartedMain] WholesaleApplication - Running with Spring Boot v2.2.7.RELEASE, Spring v5.2.6.RELEASE
[INFO ] 2020-06-02 09:55:06.167 [restartedMain] WholesaleApplication - No active profile set, falling back to default profiles: default
[INFO ] 2020-06-02 09:55:15.895 [restartedMain] WholesaleApplication - Started WholesaleApplication in 11.035 seconds (JVM running for 362.32)
[DEBUG] 2020-06-02 09:55:33.089 [http-nio-8080-exec-1] AccountController - Hello from Log4j 2 - userID : 56789
[ERROR] 2020-06-02 09:55:33.090 [http-nio-8080-exec-1] AccountController - Error from Log4j2
[INFO ] 2020-06-02 10:27:38.176 [restartedMain] WholesaleApplication - Starting WholesaleApplication on DESKTOP-DPU06UU with PID 9656 (D:\Wholesale\target\classes started by KRISHNAMURTHY in D:\Wholesale)
[DEBUG] 2020-06-02 10:27:38.234 [restartedMain] WholesaleApplication - Running with Spring Boot v2.2.7.RELEASE, Spring v5.2.6.RELEASE
[INFO ] 2020-06-02 10:27:38.237 [restartedMain] WholesaleApplication - No active profile set, falling back to default profiles: default
[INFO ] 2020-06-02 10:28:08.756 [restartedMain] WholesaleApplication - Started WholesaleApplication in 32.398 seconds (JVM running for 2335.196)
[INFO ] 2020-06-02 10:38:52.450 [restartedMain] WholesaleApplication - Starting WholesaleApplication on DESKTOP-DPU06UU with PID 3832 (D:\Wholesale\target\classes started by KRISHNAMURTHY in D:\Wholesale)
[DEBUG] 2020-06-02 10:38:52.523 [restartedMain] WholesaleApplication - Running with Spring Boot v2.2.7.RELEASE, Spring v5.2.6.RELEASE
[INFO ] 2020-06-02 10:38:52.524 [restartedMain] WholesaleApplication - No active profile set, falling back to default profiles: default
[INFO ] 2020-06-02 10:39:33.392 [restartedMain] WholesaleApplication - Started WholesaleApplication in 44.503 seconds (JVM running for 62.694)
[DEBUG] 2020-06-02 10:39:41.926 [http-nio-8080-exec-1] AccountController - Hello from Log4j 2 - userID : 
[DEBUG] 2020-06-02 10:40:04.384 [http-nio-8080-exec-7] AccountController - Hello from Log4j 2 - userID : 
[DEBUG] 2020-06-02 10:40:26.641 [http-nio-8080-exec-10] AccountController - Debugging AccountController getTransDetails method -transactionList : 79106619 
[ERROR] 2020-06-02 10:40:35.346 [http-nio-8080-exec-5] AccountController - Account Number does not exist
[ERROR] 2020-06-02 10:40:39.994 [http-nio-8080-exec-8] AccountController - Account Number does not exist
[INFO ] 2020-06-02 10:43:50.023 [restartedMain] WholesaleApplication - Starting WholesaleApplication on DESKTOP-DPU06UU with PID 3832 (D:\Wholesale\target\classes started by KRISHNAMURTHY in D:\Wholesale)
[DEBUG] 2020-06-02 10:43:50.025 [restartedMain] WholesaleApplication - Running with Spring Boot v2.2.7.RELEASE, Spring v5.2.6.RELEASE
[INFO ] 2020-06-02 10:43:50.026 [restartedMain] WholesaleApplication - No active profile set, falling back to default profiles: default
[INFO ] 2020-06-02 10:43:59.639 [restartedMain] WholesaleApplication - Started WholesaleApplication in 10.512 seconds (JVM running for 328.941)
[INFO ] 2020-06-02 10:44:40.821 [restartedMain] WholesaleApplication - Starting WholesaleApplication on DESKTOP-DPU06UU with PID 3832 (D:\Wholesale\target\classes started by KRISHNAMURTHY in D:\Wholesale)
[DEBUG] 2020-06-02 10:44:40.823 [restartedMain] WholesaleApplication - Running with Spring Boot v2.2.7.RELEASE, Spring v5.2.6.RELEASE
[INFO ] 2020-06-02 10:44:40.823 [restartedMain] WholesaleApplication - No active profile set, falling back to default profiles: default
[INFO ] 2020-06-02 10:44:43.526 [restartedMain] WholesaleApplication - Started WholesaleApplication in 2.91 seconds (JVM running for 372.828)
[DEBUG] 2020-06-02 10:45:49.472 [http-nio-8080-exec-1] AccountController - Hello from AccountDetails - userID : 
[DEBUG] 2020-06-02 10:46:16.527 [http-nio-8080-exec-5] AccountController - Debugging AccountController getTransDetails method -transactionList : 79106619 
[ERROR] 2020-06-02 10:46:29.716 [http-nio-8080-exec-8] AccountController - Account Number does not exist
[INFO ] 2020-06-02 10:47:37.292 [restartedMain] WholesaleApplication - Starting WholesaleApplication on DESKTOP-DPU06UU with PID 3832 (D:\Wholesale\target\classes started by KRISHNAMURTHY in D:\Wholesale)
[DEBUG] 2020-06-02 10:47:37.293 [restartedMain] WholesaleApplication - Running with Spring Boot v2.2.7.RELEASE, Spring v5.2.6.RELEASE
[INFO ] 2020-06-02 10:47:37.294 [restartedMain] WholesaleApplication - No active profile set, falling back to default profiles: default
[INFO ] 2020-06-02 10:47:40.182 [restartedMain] WholesaleApplication - Started WholesaleApplication in 3.25 seconds (JVM running for 549.484)
[DEBUG] 2020-06-02 10:48:13.695 [http-nio-8080-exec-1] AccountController - Hello from AccountDetails - userID : 56789
[DEBUG] 2020-06-02 10:48:28.810 [http-nio-8080-exec-7] AccountController - Debugging AccountController getTransDetails method -transactionList : 79106619 
[ERROR] 2020-06-02 10:48:35.922 [http-nio-8080-exec-3] AccountController - Account Number does not exist
[INFO ] 2020-06-02 10:49:25.809 [restartedMain] WholesaleApplication - Starting WholesaleApplication on DESKTOP-DPU06UU with PID 3832 (D:\Wholesale\target\classes started by KRISHNAMURTHY in D:\Wholesale)
[DEBUG] 2020-06-02 10:49:25.811 [restartedMain] WholesaleApplication - Running with Spring Boot v2.2.7.RELEASE, Spring v5.2.6.RELEASE
[INFO ] 2020-06-02 10:49:25.811 [restartedMain] WholesaleApplication - No active profile set, falling back to default profiles: default
[INFO ] 2020-06-02 10:49:28.904 [restartedMain] WholesaleApplication - Started WholesaleApplication in 3.286 seconds (JVM running for 658.206)
[ERROR] 2020-06-02 10:50:07.731 [http-nio-8080-exec-4] AccountController - Account Number does not exist
[ERROR] 2020-06-02 10:50:24.014 [http-nio-8080-exec-7] AccountController - Account Number does not exist
[INFO ] 2020-06-02 10:51:59.500 [restartedMain] WholesaleApplication - Starting WholesaleApplication on DESKTOP-DPU06UU with PID 3832 (D:\Wholesale\target\classes started by KRISHNAMURTHY in D:\Wholesale)
[DEBUG] 2020-06-02 10:51:59.503 [restartedMain] WholesaleApplication - Running with Spring Boot v2.2.7.RELEASE, Spring v5.2.6.RELEASE
[INFO ] 2020-06-02 10:51:59.503 [restartedMain] WholesaleApplication - No active profile set, falling back to default profiles: default
[INFO ] 2020-06-02 10:52:13.949 [restartedMain] WholesaleApplication - Started WholesaleApplication in 15.701 seconds (JVM running for 823.251)
[INFO ] 2020-06-02 10:52:29.997 [restartedMain] WholesaleApplication - Starting WholesaleApplication on DESKTOP-DPU06UU with PID 3832 (D:\Wholesale\target\classes started by KRISHNAMURTHY in D:\Wholesale)
[DEBUG] 2020-06-02 10:52:30.000 [restartedMain] WholesaleApplication - Running with Spring Boot v2.2.7.RELEASE, Spring v5.2.6.RELEASE
[INFO ] 2020-06-02 10:52:30.001 [restartedMain] WholesaleApplication - No active profile set, falling back to default profiles: default
[INFO ] 2020-06-02 10:52:33.794 [restartedMain] WholesaleApplication - Started WholesaleApplication in 5.843 seconds (JVM running for 843.096)
[INFO ] 2020-06-02 11:31:42.377 [restartedMain] WholesaleApplication - Starting WholesaleApplication on DESKTOP-DPU06UU with PID 3832 (D:\Wholesale\target\classes started by KRISHNAMURTHY in D:\Wholesale)
[DEBUG] 2020-06-02 11:31:42.390 [restartedMain] WholesaleApplication - Running with Spring Boot v2.2.7.RELEASE, Spring v5.2.6.RELEASE
[INFO ] 2020-06-02 11:31:42.391 [restartedMain] WholesaleApplication - No active profile set, falling back to default profiles: default
[INFO ] 2020-06-02 11:31:55.340 [restartedMain] WholesaleApplication - Started WholesaleApplication in 14.758 seconds (JVM running for 3204.642)
[ERROR] 2020-06-02 11:35:16.257 [http-nio-8080-exec-1] AccountController - Error Account Number does not exist
[INFO ] 2020-06-02 11:36:22.912 [restartedMain] WholesaleApplication - Starting WholesaleApplication on DESKTOP-DPU06UU with PID 3832 (D:\Wholesale\target\classes started by KRISHNAMURTHY in D:\Wholesale)
[DEBUG] 2020-06-02 11:36:22.915 [restartedMain] WholesaleApplication - Running with Spring Boot v2.2.7.RELEASE, Spring v5.2.6.RELEASE
[INFO ] 2020-06-02 11:36:22.916 [restartedMain] WholesaleApplication - No active profile set, falling back to default profiles: default
[INFO ] 2020-06-02 11:36:27.110 [restartedMain] WholesaleApplication - Started WholesaleApplication in 4.696 seconds (JVM running for 3476.412)
[ERROR] 2020-06-02 11:36:49.863 [http-nio-8080-exec-1] AccountController - Error Occurred :Account Number does not exist
[INFO ] 2020-06-02 11:38:57.540 [restartedMain] WholesaleApplication - Starting WholesaleApplication on DESKTOP-DPU06UU with PID 3832 (D:\Wholesale\target\classes started by KRISHNAMURTHY in D:\Wholesale)
[DEBUG] 2020-06-02 11:38:57.542 [restartedMain] WholesaleApplication - Running with Spring Boot v2.2.7.RELEASE, Spring v5.2.6.RELEASE
[INFO ] 2020-06-02 11:38:57.543 [restartedMain] WholesaleApplication - No active profile set, falling back to default profiles: default
[INFO ] 2020-06-02 11:39:00.826 [restartedMain] WholesaleApplication - Started WholesaleApplication in 3.663 seconds (JVM running for 3630.128)
[DEBUG] 2020-06-02 11:39:54.862 [http-nio-8080-exec-4] AccountController - Debugging AccountController getTransDetails method -transactionList : 79106619 
[ERROR] 2020-06-02 11:39:54.862 [http-nio-8080-exec-4] AccountController - Error occurred
[DEBUG] 2020-06-02 11:40:10.428 [http-nio-8080-exec-7] AccountController - Hello from AccountDetails - userID : 56789
[INFO ] 2020-06-02 11:43:51.629 [restartedMain] WholesaleApplication - Starting WholesaleApplication on DESKTOP-DPU06UU with PID 3832 (D:\Wholesale\target\classes started by KRISHNAMURTHY in D:\Wholesale)
[DEBUG] 2020-06-02 11:43:51.632 [restartedMain] WholesaleApplication - Running with Spring Boot v2.2.7.RELEASE, Spring v5.2.6.RELEASE
[INFO ] 2020-06-02 11:43:51.632 [restartedMain] WholesaleApplication - No active profile set, falling back to default profiles: default
[INFO ] 2020-06-02 11:43:54.895 [restartedMain] WholesaleApplication - Started WholesaleApplication in 3.472 seconds (JVM running for 3924.196)
[DEBUG] 2020-06-02 11:46:27.900 [http-nio-8080-exec-1] AccountController - Hello from AccountDetails - userID : 56789
[INFO ] 2020-06-02 11:47:52.471 [restartedMain] WholesaleApplication - Starting WholesaleApplication on DESKTOP-DPU06UU with PID 3832 (D:\Wholesale\target\classes started by KRISHNAMURTHY in D:\Wholesale)
[DEBUG] 2020-06-02 11:47:52.475 [restartedMain] WholesaleApplication - Running with Spring Boot v2.2.7.RELEASE, Spring v5.2.6.RELEASE
[INFO ] 2020-06-02 11:47:52.476 [restartedMain] WholesaleApplication - No active profile set, falling back to default profiles: default
[INFO ] 2020-06-02 11:47:55.557 [restartedMain] WholesaleApplication - Started WholesaleApplication in 3.265 seconds (JVM running for 4164.859)
[INFO ] 2020-06-02 11:48:19.953 [restartedMain] WholesaleApplication - Starting WholesaleApplication on DESKTOP-DPU06UU with PID 3832 (D:\Wholesale\target\classes started by KRISHNAMURTHY in D:\Wholesale)
[DEBUG] 2020-06-02 11:48:19.955 [restartedMain] WholesaleApplication - Running with Spring Boot v2.2.7.RELEASE, Spring v5.2.6.RELEASE
[INFO ] 2020-06-02 11:48:19.956 [restartedMain] WholesaleApplication - No active profile set, falling back to default profiles: default
[INFO ] 2020-06-02 11:48:22.571 [restartedMain] WholesaleApplication - Started WholesaleApplication in 2.771 seconds (JVM running for 4191.873)
[DEBUG] 2020-06-02 11:48:52.447 [http-nio-8080-exec-1] AccountController - Hello from AccountDetails - userID : 56789
[ERROR] 2020-06-02 11:48:52.448 [http-nio-8080-exec-1] AccountController - Error in UserId
[DEBUG] 2020-06-02 11:49:40.019 [http-nio-8080-exec-9] AccountController - Debugging AccountController getTransDetails method -transactionList : 79106619 
[ERROR] 2020-06-02 11:49:40.020 [http-nio-8080-exec-9] AccountController - Error occurred
[INFO ] 2020-06-02 11:50:24.691 [restartedMain] WholesaleApplication - Starting WholesaleApplication on DESKTOP-DPU06UU with PID 3832 (D:\Wholesale\target\classes started by KRISHNAMURTHY in D:\Wholesale)
[DEBUG] 2020-06-02 11:50:24.693 [restartedMain] WholesaleApplication - Running with Spring Boot v2.2.7.RELEASE, Spring v5.2.6.RELEASE
[INFO ] 2020-06-02 11:50:24.693 [restartedMain] WholesaleApplication - No active profile set, falling back to default profiles: default
[INFO ] 2020-06-02 11:50:27.343 [restartedMain] WholesaleApplication - Started WholesaleApplication in 2.795 seconds (JVM running for 4316.644)
[DEBUG] 2020-06-02 11:50:52.995 [http-nio-8080-exec-1] AccountController - Debugging AccountController getTransDetails method -transactionList : 79106619 
[ERROR] 2020-06-02 11:50:52.996 [http-nio-8080-exec-1] AccountController - Error found in Account Number
[INFO ] 2020-06-02 11:51:39.972 [restartedMain] WholesaleApplication - Starting WholesaleApplication on DESKTOP-DPU06UU with PID 3832 (D:\Wholesale\target\classes started by KRISHNAMURTHY in D:\Wholesale)
[DEBUG] 2020-06-02 11:51:39.973 [restartedMain] WholesaleApplication - Running with Spring Boot v2.2.7.RELEASE, Spring v5.2.6.RELEASE
[INFO ] 2020-06-02 11:51:39.974 [restartedMain] WholesaleApplication - No active profile set, falling back to default profiles: default
[INFO ] 2020-06-02 11:51:42.845 [restartedMain] WholesaleApplication - Started WholesaleApplication in 3.058 seconds (JVM running for 4392.146)
[DEBUG] 2020-06-02 11:51:47.772 [http-nio-8080-exec-1] AccountController - Debugging AccountController getTransDetails method -transactionList : 79106619 
[ERROR] 2020-06-02 11:51:47.773 [http-nio-8080-exec-1] AccountController - Account Number does not exist
[INFO ] 2020-06-02 12:01:54.974 [restartedMain] WholesaleApplication - Starting WholesaleApplication on DESKTOP-DPU06UU with PID 3832 (D:\Wholesale\target\classes started by KRISHNAMURTHY in D:\Wholesale)
[DEBUG] 2020-06-02 12:01:54.976 [restartedMain] WholesaleApplication - Running with Spring Boot v2.2.7.RELEASE, Spring v5.2.6.RELEASE
[INFO ] 2020-06-02 12:01:54.976 [restartedMain] WholesaleApplication - No active profile set, falling back to default profiles: default
[INFO ] 2020-06-02 12:01:57.885 [restartedMain] WholesaleApplication - Started WholesaleApplication in 3.214 seconds (JVM running for 5007.187)
[INFO ] 2020-06-02 14:05:56.928 [main] AccountControllerTest - Starting AccountControllerTest on DESKTOP-DPU06UU with PID 8884 (started by KRISHNAMURTHY in D:\Wholesale)
[DEBUG] 2020-06-02 14:05:57.125 [main] AccountControllerTest - Running with Spring Boot v2.2.7.RELEASE, Spring v5.2.6.RELEASE
[INFO ] 2020-06-02 14:05:57.148 [main] AccountControllerTest - No active profile set, falling back to default profiles: default
[INFO ] 2020-06-02 14:06:07.648 [main] AccountControllerTest - Started AccountControllerTest in 13.663 seconds (JVM running for 87.508)
[DEBUG] 2020-06-02 14:06:08.805 [main] AccountController - Debugging AccountController getTransDetails method for transactionList : 79106619 
[ERROR] 2020-06-02 14:06:08.806 [main] AccountController - Account Number does not exist
[INFO ] 2020-06-02 14:16:06.595 [main] AccountControllerTest - Starting AccountControllerTest on DESKTOP-DPU06UU with PID 1840 (started by KRISHNAMURTHY in D:\Wholesale)
[DEBUG] 2020-06-02 14:16:06.680 [main] AccountControllerTest - Running with Spring Boot v2.2.7.RELEASE, Spring v5.2.6.RELEASE
[INFO ] 2020-06-02 14:16:06.729 [main] AccountControllerTest - No active profile set, falling back to default profiles: default
[INFO ] 2020-06-02 14:16:15.381 [main] AccountControllerTest - Started AccountControllerTest in 11.554 seconds (JVM running for 25.717)
[DEBUG] 2020-06-02 14:16:16.683 [main] AccountController - Debugging AccountController getTransDetails method for transactionList : 79106619 
[ERROR] 2020-06-02 14:16:16.684 [main] AccountController - Account Number does not exist
[INFO ] 2020-06-02 14:20:20.512 [main] AccountControllerTest - Starting AccountControllerTest on DESKTOP-DPU06UU with PID 6660 (started by KRISHNAMURTHY in D:\Wholesale)
[DEBUG] 2020-06-02 14:20:20.581 [main] AccountControllerTest - Running with Spring Boot v2.2.7.RELEASE, Spring v5.2.6.RELEASE
[INFO ] 2020-06-02 14:20:20.649 [main] AccountControllerTest - No active profile set, falling back to default profiles: default
[INFO ] 2020-06-02 14:20:29.953 [main] AccountControllerTest - Started AccountControllerTest in 11.857 seconds (JVM running for 21.449)
[DEBUG] 2020-06-02 14:20:30.888 [main] AccountController - Debugging AccountController getTransDetails method for transactionList : 79106619 
[ERROR] 2020-06-02 14:20:30.889 [main] AccountController - Account Number does not exist
[INFO ] 2020-06-02 14:20:52.196 [main] AccountControllerTest - Starting AccountControllerTest on DESKTOP-DPU06UU with PID 9980 (started by KRISHNAMURTHY in D:\Wholesale)
[DEBUG] 2020-06-02 14:20:52.225 [main] AccountControllerTest - Running with Spring Boot v2.2.7.RELEASE, Spring v5.2.6.RELEASE
[INFO ] 2020-06-02 14:20:52.234 [main] AccountControllerTest - No active profile set, falling back to default profiles: default
[INFO ] 2020-06-02 14:21:00.469 [main] AccountControllerTest - Started AccountControllerTest in 10.333 seconds (JVM running for 19.092)
[DEBUG] 2020-06-02 14:21:01.277 [main] AccountController - Debugging AccountController getTransDetails method for transactionList : 79106619 
[ERROR] 2020-06-02 14:21:01.278 [main] AccountController - Account Number does not exist
[INFO ] 2020-06-02 14:22:46.868 [main] AccountControllerTest - Starting AccountControllerTest on DESKTOP-DPU06UU with PID 4720 (started by KRISHNAMURTHY in D:\Wholesale)
[DEBUG] 2020-06-02 14:22:47.100 [main] AccountControllerTest - Running with Spring Boot v2.2.7.RELEASE, Spring v5.2.6.RELEASE
[INFO ] 2020-06-02 14:22:47.112 [main] AccountControllerTest - No active profile set, falling back to default profiles: default
[INFO ] 2020-06-02 14:22:54.818 [main] AccountControllerTest - Started AccountControllerTest in 10.414 seconds (JVM running for 18.845)
[DEBUG] 2020-06-02 14:22:55.735 [main] AccountController - Debugging AccountController getTransDetails method for transactionList : 79106619 
[ERROR] 2020-06-02 14:22:55.736 [main] AccountController - Account Number does not exist
[INFO ] 2020-06-02 14:31:33.248 [main] AccountControllerTest - Starting AccountControllerTest on DESKTOP-DPU06UU with PID 10232 (started by KRISHNAMURTHY in D:\Wholesale)
[DEBUG] 2020-06-02 14:31:33.564 [main] AccountControllerTest - Running with Spring Boot v2.2.7.RELEASE, Spring v5.2.6.RELEASE
[INFO ] 2020-06-02 14:31:33.592 [main] AccountControllerTest - No active profile set, falling back to default profiles: default
[INFO ] 2020-06-02 14:31:42.215 [main] AccountControllerTest - Started AccountControllerTest in 12.176 seconds (JVM running for 21.881)
[DEBUG] 2020-06-02 14:31:43.213 [main] AccountController - Debugging AccountController getTransDetails method for transactionList : 79106619 
[ERROR] 2020-06-02 14:31:43.214 [main] AccountController - Account Number does not exist
[INFO ] 2020-06-02 14:34:34.798 [main] AccountControllerTest - Starting AccountControllerTest on DESKTOP-DPU06UU with PID 8436 (started by KRISHNAMURTHY in D:\Wholesale)
[DEBUG] 2020-06-02 14:34:34.831 [main] AccountControllerTest - Running with Spring Boot v2.2.7.RELEASE, Spring v5.2.6.RELEASE
[INFO ] 2020-06-02 14:34:34.843 [main] AccountControllerTest - No active profile set, falling back to default profiles: default
[INFO ] 2020-06-02 14:34:44.598 [main] AccountControllerTest - Started AccountControllerTest in 12.134 seconds (JVM running for 22.208)
[DEBUG] 2020-06-02 14:34:45.525 [main] AccountController - Debugging AccountController getTransDetails method for transactionList : 79106619 
[ERROR] 2020-06-02 14:34:45.526 [main] AccountController - Account Number does not exist
[INFO ] 2020-06-02 14:36:16.834 [main] AccountControllerTest - Starting AccountControllerTest on DESKTOP-DPU06UU with PID 4192 (started by KRISHNAMURTHY in D:\Wholesale)
[DEBUG] 2020-06-02 14:36:16.914 [main] AccountControllerTest - Running with Spring Boot v2.2.7.RELEASE, Spring v5.2.6.RELEASE
[INFO ] 2020-06-02 14:36:16.925 [main] AccountControllerTest - No active profile set, falling back to default profiles: default
[INFO ] 2020-06-02 14:36:24.783 [main] AccountControllerTest - Started AccountControllerTest in 10.374 seconds (JVM running for 19.511)
[DEBUG] 2020-06-02 14:36:25.504 [main] AccountController - Debugging AccountController getTransDetails method for transactionList : 79106619 
[ERROR] 2020-06-02 14:36:25.504 [main] AccountController - Account Number does not exist
[INFO ] 2020-06-02 14:46:23.229 [restartedMain] WholesaleApplication - Starting WholesaleApplication on DESKTOP-DPU06UU with PID 3832 (D:\Wholesale\target\classes started by KRISHNAMURTHY in D:\Wholesale)
[DEBUG] 2020-06-02 14:46:23.232 [restartedMain] WholesaleApplication - Running with Spring Boot v2.2.7.RELEASE, Spring v5.2.6.RELEASE
[INFO ] 2020-06-02 14:46:23.233 [restartedMain] WholesaleApplication - No active profile set, falling back to default profiles: default
[INFO ] 2020-06-02 14:46:46.443 [restartedMain] WholesaleApplication - Started WholesaleApplication in 24.869 seconds (JVM running for 14895.746)
[INFO ] 2020-06-02 14:47:25.924 [restartedMain] WholesaleApplication - Starting WholesaleApplication on DESKTOP-DPU06UU with PID 3832 (D:\Wholesale\target\classes started by KRISHNAMURTHY in D:\Wholesale)
[DEBUG] 2020-06-02 14:47:25.926 [restartedMain] WholesaleApplication - Running with Spring Boot v2.2.7.RELEASE, Spring v5.2.6.RELEASE
[INFO ] 2020-06-02 14:47:25.926 [restartedMain] WholesaleApplication - No active profile set, falling back to default profiles: default
[INFO ] 2020-06-02 14:47:34.856 [restartedMain] WholesaleApplication - Started WholesaleApplication in 9.573 seconds (JVM running for 14944.159)
[INFO ] 2020-06-02 14:51:57.939 [restartedMain] WholesaleApplication - Starting WholesaleApplication on DESKTOP-DPU06UU with PID 3832 (D:\Wholesale\target\classes started by KRISHNAMURTHY in D:\Wholesale)
[DEBUG] 2020-06-02 14:51:57.944 [restartedMain] WholesaleApplication - Running with Spring Boot v2.2.7.RELEASE, Spring v5.2.6.RELEASE
[INFO ] 2020-06-02 14:51:57.945 [restartedMain] WholesaleApplication - No active profile set, falling back to default profiles: default
[INFO ] 2020-06-02 14:52:02.339 [restartedMain] WholesaleApplication - Started WholesaleApplication in 4.709 seconds (JVM running for 15211.642)
[INFO ] 2020-06-02 14:54:36.413 [restartedMain] WholesaleApplication - Starting WholesaleApplication on DESKTOP-DPU06UU with PID 3832 (D:\Wholesale\target\classes started by KRISHNAMURTHY in D:\Wholesale)
[DEBUG] 2020-06-02 14:54:36.415 [restartedMain] WholesaleApplication - Running with Spring Boot v2.2.7.RELEASE, Spring v5.2.6.RELEASE
[INFO ] 2020-06-02 14:54:36.416 [restartedMain] WholesaleApplication - No active profile set, falling back to default profiles: default
[INFO ] 2020-06-02 14:54:39.950 [restartedMain] WholesaleApplication - Started WholesaleApplication in 3.719 seconds (JVM running for 15369.253)
[INFO ] 2020-06-02 14:54:54.877 [restartedMain] WholesaleApplication - Starting WholesaleApplication on DESKTOP-DPU06UU with PID 3832 (D:\Wholesale\target\classes started by KRISHNAMURTHY in D:\Wholesale)
[DEBUG] 2020-06-02 14:54:54.879 [restartedMain] WholesaleApplication - Running with Spring Boot v2.2.7.RELEASE, Spring v5.2.6.RELEASE
[INFO ] 2020-06-02 14:54:54.880 [restartedMain] WholesaleApplication - No active profile set, falling back to default profiles: default
[INFO ] 2020-06-02 14:54:57.979 [restartedMain] WholesaleApplication - Started WholesaleApplication in 3.3 seconds (JVM running for 15387.282)
[INFO ] 2020-06-02 14:55:24.764 [restartedMain] WholesaleApplication - Starting WholesaleApplication on DESKTOP-DPU06UU with PID 3832 (D:\Wholesale\target\classes started by KRISHNAMURTHY in D:\Wholesale)
[DEBUG] 2020-06-02 14:55:24.766 [restartedMain] WholesaleApplication - Running with Spring Boot v2.2.7.RELEASE, Spring v5.2.6.RELEASE
[INFO ] 2020-06-02 14:55:24.768 [restartedMain] WholesaleApplication - No active profile set, falling back to default profiles: default
[INFO ] 2020-06-02 14:55:28.192 [restartedMain] WholesaleApplication - Started WholesaleApplication in 3.583 seconds (JVM running for 15417.495)
[INFO ] 2020-06-02 14:55:57.300 [restartedMain] WholesaleApplication - Starting WholesaleApplication on DESKTOP-DPU06UU with PID 3832 (D:\Wholesale\target\classes started by KRISHNAMURTHY in D:\Wholesale)
[DEBUG] 2020-06-02 14:55:57.302 [restartedMain] WholesaleApplication - Running with Spring Boot v2.2.7.RELEASE, Spring v5.2.6.RELEASE
[INFO ] 2020-06-02 14:55:57.303 [restartedMain] WholesaleApplication - No active profile set, falling back to default profiles: default
[INFO ] 2020-06-02 14:56:00.330 [restartedMain] WholesaleApplication - Started WholesaleApplication in 3.154 seconds (JVM running for 15449.632)
[INFO ] 2020-06-02 14:56:08.512 [restartedMain] WholesaleApplication - Starting WholesaleApplication on DESKTOP-DPU06UU with PID 3832 (D:\Wholesale\target\classes started by KRISHNAMURTHY in D:\Wholesale)
[DEBUG] 2020-06-02 14:56:08.514 [restartedMain] WholesaleApplication - Running with Spring Boot v2.2.7.RELEASE, Spring v5.2.6.RELEASE
[INFO ] 2020-06-02 14:56:08.515 [restartedMain] WholesaleApplication - No active profile set, falling back to default profiles: default
[INFO ] 2020-06-02 14:56:11.474 [restartedMain] WholesaleApplication - Started WholesaleApplication in 3.19 seconds (JVM running for 15460.776)
[INFO ] 2020-06-02 14:56:23.571 [restartedMain] WholesaleApplication - Starting WholesaleApplication on DESKTOP-DPU06UU with PID 3832 (D:\Wholesale\target\classes started by KRISHNAMURTHY in D:\Wholesale)
[DEBUG] 2020-06-02 14:56:23.574 [restartedMain] WholesaleApplication - Running with Spring Boot v2.2.7.RELEASE, Spring v5.2.6.RELEASE
[INFO ] 2020-06-02 14:56:23.575 [restartedMain] WholesaleApplication - No active profile set, falling back to default profiles: default
[INFO ] 2020-06-02 14:56:26.163 [restartedMain] WholesaleApplication - Started WholesaleApplication in 2.805 seconds (JVM running for 15475.465)
